ValidationError: Invalid configuration object. Webpack has been initialized using a configuration object that does not match the API schema.
 - configuration[0].cache.cacheDirectory: The provided value "D:\\Git sh!t\\bentofolio\\.next\\cache\\webpack" contains exclamation mark (!) which is not allowed because it's reserved for loader syntax.
   -> Base directory for the cache (defaults to node_modules/.cache/webpack).
 - configuration[0].context: The provided value "D:\\Git sh!t\\bentofolio" contains exclamation mark (!) which is not allowed because it's reserved for loader syntax.
   -> The base directory (absolute path!) for resolving the `entry` option. If `output.pathinfo` is set, the included pathinfo is shortened to this directory.
 - configuration[0].module.rules[14].oneOf[17].issuer.and[0]: The provided value "D:\\Git sh!t\\bentofolio" contains exclamation mark (!) which is not allowed because it's reserved for loader syntax.
 - configuration[0].output.path: The provided value "D:\\Git sh!t\\bentofolio\\.next" contains exclamation mark (!) which is not allowed because it's reserved for loader syntax.
   -> The output directory as **absolute path** (required).
 - configuration[1].cache.cacheDirectory: The provided value "D:\\Git sh!t\\bentofolio\\.next\\cache\\webpack" contains exclamation mark (!) which is not allowed because it's reserved for loader syntax.
   -> Base directory for the cache (defaults to node_modules/.cache/webpack).
 - configuration[1].context: The provided value "D:\\Git sh!t\\bentofolio" contains exclamation mark (!) which is not allowed because it's reserved for loader syntax.
   -> The base directory (absolute path!) for resolving the `entry` option. If `output.pathinfo` is set, the included pathinfo is shortened to this directory.
 - configuration[1].module.rules[15].oneOf[15].issuer.and[0]: The provided value "D:\\Git sh!t\\bentofolio" contains exclamation mark (!) which is not allowed because it's reserved for loader syntax.
 - configuration[1].output.path: The provided value "D:\\Git sh!t\\bentofolio\\.next\\server" contains exclamation mark (!) which is not allowed because it's reserved for loader syntax.
   -> The output directory as **absolute path** (required).
 - configuration[2].cache.cacheDirectory: The provided value "D:\\Git sh!t\\bentofolio\\.next\\cache\\webpack" contains exclamation mark (!) which is not allowed because it's reserved for loader syntax.
   -> Base directory for the cache (defaults to node_modules/.cache/webpack).
 - configuration[2].context: The provided value "D:\\Git sh!t\\bentofolio" contains exclamation mark (!) which is not allowed because it's reserved for loader syntax.
   -> The base directory (absolute path!) for resolving the `entry` option. If `output.pathinfo` is set, the included pathinfo is shortened to this directory.
 - configuration[2].module.rules[19].oneOf[15].issuer.and[0]: The provided value "D:\\Git sh!t\\bentofolio" contains exclamation mark (!) which is not allowed because it's reserved for loader syntax.
 - configuration[2].output.path: The provided value "D:\\Git sh!t\\bentofolio\\.next\\server" contains exclamation mark (!) which is not allowed because it's reserved for loader syntax.
   -> The output directory as **absolute path** (required).
    at validate (D:\Git sh!t\bentofolio\node_modules\next\dist\compiled\schema-utils3\index.js:1:150822)
    at validateSchema (D:\Git sh!t\bentofolio\node_modules\next\dist\compiled\webpack\bundle5.js:28:1422088)
    at create (D:\Git sh!t\bentofolio\node_modules\next\dist\compiled\webpack\bundle5.js:28:1467703)
    at webpack (D:\Git sh!t\bentofolio\node_modules\next\dist\compiled\webpack\bundle5.js:28:1468340)
    at f (D:\Git sh!t\bentofolio\node_modules\next\dist\compiled\webpack\bundle5.js:28:895636)
    at HotReloaderWebpack.start (D:\Git sh!t\bentofolio\node_modules\next\dist\server\dev\hot-reloader-webpack.js:863:51)
    at async startWatcher (D:\Git sh!t\bentofolio\node_modules\next\dist\server\lib\router-utils\setup-dev-bundler.js:156:5)
    at async setupDevBundler (D:\Git sh!t\bentofolio\node_modules\next\dist\server\lib\router-utils\setup-dev-bundler.js:775:20)
    at async Span.traceAsyncFn (D:\Git sh!t\bentofolio\node_modules\next\dist\trace\trace.js:154:20)
    at async initialize (D:\Git sh!t\bentofolio\node_modules\next\dist\server\lib\router-server.js:79:30) {
  errors: [
    {
      keyword: 'anyOf',
      dataPath: '[0].cache',
      schemaPath: '#/anyOf',
      params: {},
      message: 'should match some schema in anyOf',
      schema: [Array],
      parentSchema: [Object],
      data: [Object],
      children: [Array]
    },
    {
      dataPath: '[0].context',
      schemaPath: '#/definitions/Context/absolutePath',
      keyword: 'absolutePath',
      params: [Object],
      message: `The provided value "D:\\\\Git sh!t\\\\bentofolio" contains exclamation mark (!) which is not allowed because it's reserved for loader syntax.`,
      parentSchema: [Object],
      schema: true,
      data: 'D:\\Git sh!t\\bentofolio'
    },
    {
      keyword: 'oneOf',
      dataPath: '[0].module.rules',
      schemaPath: '#/properties/rules/oneOf',
      params: [Object],
      message: 'should match exactly one schema in oneOf',
      schema: [Array],
      parentSchema: [Object],
      data: [Array],
      children: [Array]
    },
    {
      dataPath: '[0].output.path',
      schemaPath: '#/definitions/Path/absolutePath',
      keyword: 'absolutePath',
      params: [Object],
      message: `The provided value "D:\\\\Git sh!t\\\\bentofolio\\\\.next" contains exclamation mark (!) which is not allowed because it's reserved for loader syntax.`,
      parentSchema: [Object],
      schema: true,
      data: 'D:\\Git sh!t\\bentofolio\\.next'
    },
    {
      keyword: 'anyOf',
      dataPath: '[1].cache',
      schemaPath: '#/anyOf',
      params: {},
      message: 'should match some schema in anyOf',
      schema: [Array],
      parentSchema: [Object],
      data: [Object],
      children: [Array]
    },
    {
      dataPath: '[1].context',
      schemaPath: '#/definitions/Context/absolutePath',
      keyword: 'absolutePath',
      params: [Object],
      message: `The provided value "D:\\\\Git sh!t\\\\bentofolio" contains exclamation mark (!) which is not allowed because it's reserved for loader syntax.`,
      parentSchema: [Object],
      schema: true,
      data: 'D:\\Git sh!t\\bentofolio'
    },
    {
      keyword: 'oneOf',
      dataPath: '[1].module.rules',
      schemaPath: '#/properties/rules/oneOf',
      params: [Object],
      message: 'should match exactly one schema in oneOf',
      schema: [Array],
      parentSchema: [Object],
      data: [Array],
      children: [Array]
    },
    {
      dataPath: '[1].output.path',
      schemaPath: '#/definitions/Path/absolutePath',
      keyword: 'absolutePath',
      params: [Object],
      message: `The provided value "D:\\\\Git sh!t\\\\bentofolio\\\\.next\\\\server" contains exclamation mark (!) which is not allowed because it's reserved for loader syntax.`,
      parentSchema: [Object],
      schema: true,
      data: 'D:\\Git sh!t\\bentofolio\\.next\\server'
    },
    {
      keyword: 'anyOf',
      dataPath: '[2].cache',
      schemaPath: '#/anyOf',
      params: {},
      message: 'should match some schema in anyOf',
      schema: [Array],
      parentSchema: [Object],
      data: [Object],
      children: [Array]
    },
    {
      dataPath: '[2].context',
      schemaPath: '#/definitions/Context/absolutePath',
      keyword: 'absolutePath',
      params: [Object],
      message: `The provided value "D:\\\\Git sh!t\\\\bentofolio" contains exclamation mark (!) which is not allowed because it's reserved for loader syntax.`,
      parentSchema: [Object],
      schema: true,
      data: 'D:\\Git sh!t\\bentofolio'
    },
    {
      keyword: 'oneOf',
      dataPath: '[2].module.rules',
      schemaPath: '#/properties/rules/oneOf',
      params: [Object],
      message: 'should match exactly one schema in oneOf',
      schema: [Array],
      parentSchema: [Object],
      data: [Array],
      children: [Array]
    },
    {
      dataPath: '[2].output.path',
      schemaPath: '#/definitions/Path/absolutePath',
      keyword: 'absolutePath',
      params: [Object],
      message: `The provided value "D:\\\\Git sh!t\\\\bentofolio\\\\.next\\\\server" contains exclamation mark (!) which is not allowed because it's reserved for loader syntax.`,
      parentSchema: [Object],
      schema: true,
      data: 'D:\\Git sh!t\\bentofolio\\.next\\server'
    }
  ],
  schema: {
    definitions: {
      Amd: [Object],
      AmdContainer: [Object],
      AssetFilterItemTypes: [Object],
      AssetFilterTypes: [Object],
      AssetGeneratorDataUrl: [Object],
      AssetGeneratorDataUrlFunction: [Object],
      AssetGeneratorDataUrlOptions: [Object],
      AssetGeneratorOptions: [Object],
      AssetInlineGeneratorOptions: [Object],
      AssetModuleFilename: [Object],
      AssetModuleOutputPath: [Object],
      AssetParserDataUrlFunction: [Object],
      AssetParserDataUrlOptions: [Object],
      AssetParserOptions: [Object],
      AssetResourceGeneratorOptions: [Object],
      AuxiliaryComment: [Object],
      Bail: [Object],
      CacheOptions: [Object],
      CacheOptionsNormalized: [Object],
      Charset: [Object],
      ChunkFilename: [Object],
      ChunkFormat: [Object],
      ChunkLoadTimeout: [Object],
      ChunkLoading: [Object],
      ChunkLoadingGlobal: [Object],
      ChunkLoadingType: [Object],
      Clean: [Object],
      CleanOptions: [Object],
      CompareBeforeEmit: [Object],
      Context: [Object],
      CrossOriginLoading: [Object],
      CssAutoGeneratorOptions: [Object],
      CssAutoParserOptions: [Object],
      CssChunkFilename: [Object],
      CssFilename: [Object],
      CssGeneratorExportsOnly: [Object],
      CssGeneratorOptions: [Object],
      CssGlobalGeneratorOptions: [Object],
      CssGlobalParserOptions: [Object],
      CssModuleGeneratorOptions: [Object],
      CssModuleParserOptions: [Object],
      CssParserNamedExports: [Object],
      CssParserOptions: [Object],
      Dependencies: [Object],
      DevServer: [Object],
      DevTool: [Object],
      DevtoolFallbackModuleFilenameTemplate: [Object],
      DevtoolModuleFilenameTemplate: [Object],
      DevtoolNamespace: [Object],
      EmptyGeneratorOptions: [Object],
      EmptyParserOptions: [Object],
      EnabledChunkLoadingTypes: [Object],
      EnabledLibraryTypes: [Object],
      EnabledWasmLoadingTypes: [Object],
      Entry: [Object],
      EntryDescription: [Object],
      EntryDescriptionNormalized: [Object],
      EntryDynamic: [Object],
      EntryDynamicNormalized: [Object],
      EntryFilename: [Object],
      EntryItem: [Object],
      EntryNormalized: [Object],
      EntryObject: [Object],
      EntryRuntime: [Object],
      EntryStatic: [Object],
      EntryStaticNormalized: [Object],
      EntryUnnamed: [Object],
      Environment: [Object],
      Experiments: [Object],
      ExperimentsCommon: [Object],
      ExperimentsNormalized: [Object],
      Extends: [Object],
      ExtendsItem: [Object],
      ExternalItem: [Object],
      ExternalItemFunctionData: [Object],
      ExternalItemValue: [Object],
      Externals: [Object],
      ExternalsPresets: [Object],
      ExternalsType: [Object],
      Falsy: [Object],
      FileCacheOptions: [Object],
      Filename: [Object],
      FilenameTemplate: [Object],
      FilterItemTypes: [Object],
      FilterTypes: [Object],
      GeneratorOptionsByModuleType: [Object],
      GlobalObject: [Object],
      HashDigest: [Object],
      HashDigestLength: [Object],
      HashFunction: [Object],
      HashSalt: [Object],
      HotUpdateChunkFilename: [Object],
      HotUpdateGlobal: [Object],
      HotUpdateMainFilename: [Object],
      HttpUriAllowedUris: [Object],
      HttpUriOptions: [Object],
      HttpUriOptionsAllowedUris: [Object],
      IgnoreWarnings: [Object],
      IgnoreWarningsNormalized: [Object],
      Iife: [Object],
      ImportFunctionName: [Object],
      ImportMetaName: [Object],
      InfrastructureLogging: [Object],
      JavascriptParserOptions: [Object],
      Layer: [Object],
      LazyCompilationDefaultBackendOptions: [Object],
      LazyCompilationOptions: [Object],
      Library: [Object],
      LibraryCustomUmdCommentObject: [Object],
      LibraryCustomUmdObject: [Object],
      LibraryExport: [Object],
      LibraryName: [Object],
      LibraryOptions: [Object],
      LibraryType: [Object],
      Loader: [Object],
      MemoryCacheOptions: [Object],
      Mode: [Object],
      ModuleFilterItemTypes: [Object],
      ModuleFilterTypes: [Object],
      ModuleOptions: [Object],
      ModuleOptionsNormalized: [Object],
      Name: [Object],
      NoParse: [Object],
      Node: [Object],
      NodeOptions: [Object],
      Optimization: [Object],
      OptimizationRuntimeChunk: [Object],
      OptimizationRuntimeChunkNormalized: [Object],
      OptimizationSplitChunksCacheGroup: [Object],
      OptimizationSplitChunksGetCacheGroups: [Object],
      OptimizationSplitChunksOptions: [Object],
      OptimizationSplitChunksSizes: [Object],
      Output: [Object],
      OutputModule: [Object],
      OutputNormalized: [Object],
      Parallelism: [Object],
      ParserOptionsByModuleType: [Object],
      Path: [Object],
      Pathinfo: [Object],
      Performance: [Object],
      PerformanceOptions: [Object],
      Plugins: [Object],
      Profile: [Object],
      PublicPath: [Object],
      RawPublicPath: [Object],
      RecordsInputPath: [Object],
      RecordsOutputPath: [Object],
      RecordsPath: [Object],
      Resolve: [Object],
      ResolveAlias: [Object],
      ResolveLoader: [Object],
      ResolveOptions: [Object],
      ResolvePluginInstance: [Object],
      RuleSetCondition: [Object],
      RuleSetConditionAbsolute: [Object],
      RuleSetConditionOrConditions: [Object],
      RuleSetConditionOrConditionsAbsolute: [Object],
      RuleSetConditions: [Object],
      RuleSetConditionsAbsolute: [Object],
      RuleSetLoader: [Object],
      RuleSetLoaderOptions: [Object],
      RuleSetLogicalConditions: [Object],
      RuleSetLogicalConditionsAbsolute: [Object],
      RuleSetRule: [Object],
      RuleSetRules: [Object],
      RuleSetUse: [Object],
      RuleSetUseItem: [Object],
      ScriptType: [Object],
      SnapshotOptions: [Object],
      SourceMapFilename: [Object],
      SourcePrefix: [Object],
      StatsOptions: [Object],
      StatsValue: [Object],
      StrictModuleErrorHandling: [Object],
      StrictModuleExceptionHandling: [Object],
      Target: [Object],
      TrustedTypes: [Object],
      UmdNamedDefine: [Object],
      UniqueName: [Object],
      WarningFilterItemTypes: [Object],
      WarningFilterTypes: [Object],
      WasmLoading: [Object],
      WasmLoadingType: [Object],
      Watch: [Object],
      WatchOptions: [Object],
      WebassemblyModuleFilename: [Object],
      WebpackOptionsNormalized: [Object],
      WebpackPluginFunction: [Object],
      WebpackPluginInstance: [Object],
      WorkerPublicPath: [Object]
    },
    title: 'WebpackOptions',
    description: 'Options object as provided by the user.',
    type: 'object',
    additionalProperties: false,
    properties: {
      amd: [Object],
      bail: [Object],
      cache: [Object],
      context: [Object],
      dependencies: [Object],
      devServer: [Object],
      devtool: [Object],
      entry: [Object],
      experiments: [Object],
      extends: [Object],
      externals: [Object],
      externalsPresets: [Object],
      externalsType: [Object],
      ignoreWarnings: [Object],
      infrastructureLogging: [Object],
      loader: [Object],
      mode: [Object],
      module: [Object],
      name: [Object],
      node: [Object],
      optimization: [Object],
      output: [Object],
      parallelism: [Object],
      performance: [Object],
      plugins: [Object],
      profile: [Object],
      recordsInputPath: [Object],
      recordsOutputPath: [Object],
      recordsPath: [Object],
      resolve: [Object],
      resolveLoader: [Object],
      snapshot: [Object],
      stats: [Object],
      target: [Object],
      watch: [Object],
      watchOptions: [Object]
    }
  },
  headerName: 'Webpack',
  baseDataPath: 'configuration',
  postFormatter: [Function: postFormatter]
}
